Watching for file changes with StatReloader
/Users/phammanhdinh/Documents/mysite/mysite/settings/base.py changed, reloading.
Watching for file changes with StatReloader
/Users/phammanhdinh/Documents/mysite/mysite/settings/dev.py changed, reloading.
Watching for file changes with StatReloader
/Users/phammanhdinh/Documents/mysite/mysite/settings/base.py changed, reloading.
Watching for file changes with StatReloader
/Users/phammanhdinh/Documents/mysite/mysite/settings/base.py changed, reloading.
Watching for file changes with StatReloader
/Users/phammanhdinh/Documents/mysite/mysite/settings/base.py changed, reloading.
Watching for file changes with StatReloader
Watching for file changes with StatReloader
Internal Server Error: /
Traceback (most recent call last):
  File "/Users/phammanhdinh/Documents/mysite/mysite/env/lib/python3.9/site-packages/django/core/handlers/exception.py", line 55, in inner
    response = get_response(request)
  File "/Users/phammanhdinh/Documents/mysite/mysite/env/lib/python3.9/site-packages/django/core/handlers/base.py", line 220, in _get_response
    response = response.render()
  File "/Users/phammanhdinh/Documents/mysite/mysite/env/lib/python3.9/site-packages/django/template/response.py", line 114, in render
    self.content = self.rendered_content
  File "/Users/phammanhdinh/Documents/mysite/mysite/env/lib/python3.9/site-packages/django/template/response.py", line 92, in rendered_content
    return template.render(context, self._request)
  File "/Users/phammanhdinh/Documents/mysite/mysite/env/lib/python3.9/site-packages/django/template/backends/django.py", line 61, in render
    return self.template.render(context)
  File "/Users/phammanhdinh/Documents/mysite/mysite/env/lib/python3.9/site-packages/django/template/base.py", line 175, in render
    return self._render(context)
  File "/Users/phammanhdinh/Documents/mysite/mysite/env/lib/python3.9/site-packages/django/template/base.py", line 167, in _render
    return self.nodelist.render(context)
  File "/Users/phammanhdinh/Documents/mysite/mysite/env/lib/python3.9/site-packages/django/template/base.py", line 1005, in render
    return SafeString("".join([node.render_annotated(context) for node in self]))
  File "/Users/phammanhdinh/Documents/mysite/mysite/env/lib/python3.9/site-packages/django/template/base.py", line 1005, in <listcomp>
    return SafeString("".join([node.render_annotated(context) for node in self]))
  File "/Users/phammanhdinh/Documents/mysite/mysite/env/lib/python3.9/site-packages/django/template/base.py", line 966, in render_annotated
    return self.render(context)
  File "/Users/phammanhdinh/Documents/mysite/mysite/env/lib/python3.9/site-packages/django/template/loader_tags.py", line 157, in render
    return compiled_parent._render(context)
  File "/Users/phammanhdinh/Documents/mysite/mysite/env/lib/python3.9/site-packages/django/template/base.py", line 167, in _render
    return self.nodelist.render(context)
  File "/Users/phammanhdinh/Documents/mysite/mysite/env/lib/python3.9/site-packages/django/template/base.py", line 1005, in render
    return SafeString("".join([node.render_annotated(context) for node in self]))
  File "/Users/phammanhdinh/Documents/mysite/mysite/env/lib/python3.9/site-packages/django/template/base.py", line 1005, in <listcomp>
    return SafeString("".join([node.render_annotated(context) for node in self]))
  File "/Users/phammanhdinh/Documents/mysite/mysite/env/lib/python3.9/site-packages/django/template/base.py", line 966, in render_annotated
    return self.render(context)
  File "/Users/phammanhdinh/Documents/mysite/mysite/env/lib/python3.9/site-packages/django/templatetags/static.py", line 116, in render
    url = self.url(context)
  File "/Users/phammanhdinh/Documents/mysite/mysite/env/lib/python3.9/site-packages/django/templatetags/static.py", line 113, in url
    return self.handle_simple(path)
  File "/Users/phammanhdinh/Documents/mysite/mysite/env/lib/python3.9/site-packages/django/templatetags/static.py", line 129, in handle_simple
    return staticfiles_storage.url(path)
  File "/Users/phammanhdinh/Documents/mysite/mysite/env/lib/python3.9/site-packages/django/contrib/staticfiles/storage.py", line 203, in url
    return self._url(self.stored_name, name, force)
  File "/Users/phammanhdinh/Documents/mysite/mysite/env/lib/python3.9/site-packages/django/contrib/staticfiles/storage.py", line 182, in _url
    hashed_name = hashed_name_func(*args)
  File "/Users/phammanhdinh/Documents/mysite/mysite/env/lib/python3.9/site-packages/django/contrib/staticfiles/storage.py", line 513, in stored_name
    raise ValueError(
ValueError: Missing staticfiles manifest entry for 'css/tiny-slider.css'
Internal Server Error: /
Traceback (most recent call last):
  File "/Users/phammanhdinh/Documents/mysite/mysite/env/lib/python3.9/site-packages/django/core/handlers/exception.py", line 55, in inner
    response = get_response(request)
  File "/Users/phammanhdinh/Documents/mysite/mysite/env/lib/python3.9/site-packages/django/core/handlers/base.py", line 220, in _get_response
    response = response.render()
  File "/Users/phammanhdinh/Documents/mysite/mysite/env/lib/python3.9/site-packages/django/template/response.py", line 114, in render
    self.content = self.rendered_content
  File "/Users/phammanhdinh/Documents/mysite/mysite/env/lib/python3.9/site-packages/django/template/response.py", line 92, in rendered_content
    return template.render(context, self._request)
  File "/Users/phammanhdinh/Documents/mysite/mysite/env/lib/python3.9/site-packages/django/template/backends/django.py", line 61, in render
    return self.template.render(context)
  File "/Users/phammanhdinh/Documents/mysite/mysite/env/lib/python3.9/site-packages/django/template/base.py", line 175, in render
    return self._render(context)
  File "/Users/phammanhdinh/Documents/mysite/mysite/env/lib/python3.9/site-packages/django/template/base.py", line 167, in _render
    return self.nodelist.render(context)
  File "/Users/phammanhdinh/Documents/mysite/mysite/env/lib/python3.9/site-packages/django/template/base.py", line 1005, in render
    return SafeString("".join([node.render_annotated(context) for node in self]))
  File "/Users/phammanhdinh/Documents/mysite/mysite/env/lib/python3.9/site-packages/django/template/base.py", line 1005, in <listcomp>
    return SafeString("".join([node.render_annotated(context) for node in self]))
  File "/Users/phammanhdinh/Documents/mysite/mysite/env/lib/python3.9/site-packages/django/template/base.py", line 966, in render_annotated
    return self.render(context)
  File "/Users/phammanhdinh/Documents/mysite/mysite/env/lib/python3.9/site-packages/django/template/loader_tags.py", line 157, in render
    return compiled_parent._render(context)
  File "/Users/phammanhdinh/Documents/mysite/mysite/env/lib/python3.9/site-packages/django/template/base.py", line 167, in _render
    return self.nodelist.render(context)
  File "/Users/phammanhdinh/Documents/mysite/mysite/env/lib/python3.9/site-packages/django/template/base.py", line 1005, in render
    return SafeString("".join([node.render_annotated(context) for node in self]))
  File "/Users/phammanhdinh/Documents/mysite/mysite/env/lib/python3.9/site-packages/django/template/base.py", line 1005, in <listcomp>
    return SafeString("".join([node.render_annotated(context) for node in self]))
  File "/Users/phammanhdinh/Documents/mysite/mysite/env/lib/python3.9/site-packages/django/template/base.py", line 966, in render_annotated
    return self.render(context)
  File "/Users/phammanhdinh/Documents/mysite/mysite/env/lib/python3.9/site-packages/django/templatetags/static.py", line 116, in render
    url = self.url(context)
  File "/Users/phammanhdinh/Documents/mysite/mysite/env/lib/python3.9/site-packages/django/templatetags/static.py", line 113, in url
    return self.handle_simple(path)
  File "/Users/phammanhdinh/Documents/mysite/mysite/env/lib/python3.9/site-packages/django/templatetags/static.py", line 129, in handle_simple
    return staticfiles_storage.url(path)
  File "/Users/phammanhdinh/Documents/mysite/mysite/env/lib/python3.9/site-packages/django/contrib/staticfiles/storage.py", line 203, in url
    return self._url(self.stored_name, name, force)
  File "/Users/phammanhdinh/Documents/mysite/mysite/env/lib/python3.9/site-packages/django/contrib/staticfiles/storage.py", line 182, in _url
    hashed_name = hashed_name_func(*args)
  File "/Users/phammanhdinh/Documents/mysite/mysite/env/lib/python3.9/site-packages/django/contrib/staticfiles/storage.py", line 513, in stored_name
    raise ValueError(
ValueError: Missing staticfiles manifest entry for 'css/tiny-slider.css'
Internal Server Error: /
Traceback (most recent call last):
  File "/Users/phammanhdinh/Documents/mysite/mysite/env/lib/python3.9/site-packages/django/core/handlers/exception.py", line 55, in inner
    response = get_response(request)
  File "/Users/phammanhdinh/Documents/mysite/mysite/env/lib/python3.9/site-packages/django/core/handlers/base.py", line 220, in _get_response
    response = response.render()
  File "/Users/phammanhdinh/Documents/mysite/mysite/env/lib/python3.9/site-packages/django/template/response.py", line 114, in render
    self.content = self.rendered_content
  File "/Users/phammanhdinh/Documents/mysite/mysite/env/lib/python3.9/site-packages/django/template/response.py", line 92, in rendered_content
    return template.render(context, self._request)
  File "/Users/phammanhdinh/Documents/mysite/mysite/env/lib/python3.9/site-packages/django/template/backends/django.py", line 61, in render
    return self.template.render(context)
  File "/Users/phammanhdinh/Documents/mysite/mysite/env/lib/python3.9/site-packages/django/template/base.py", line 175, in render
    return self._render(context)
  File "/Users/phammanhdinh/Documents/mysite/mysite/env/lib/python3.9/site-packages/django/template/base.py", line 167, in _render
    return self.nodelist.render(context)
  File "/Users/phammanhdinh/Documents/mysite/mysite/env/lib/python3.9/site-packages/django/template/base.py", line 1005, in render
    return SafeString("".join([node.render_annotated(context) for node in self]))
  File "/Users/phammanhdinh/Documents/mysite/mysite/env/lib/python3.9/site-packages/django/template/base.py", line 1005, in <listcomp>
    return SafeString("".join([node.render_annotated(context) for node in self]))
  File "/Users/phammanhdinh/Documents/mysite/mysite/env/lib/python3.9/site-packages/django/template/base.py", line 966, in render_annotated
    return self.render(context)
  File "/Users/phammanhdinh/Documents/mysite/mysite/env/lib/python3.9/site-packages/django/template/loader_tags.py", line 157, in render
    return compiled_parent._render(context)
  File "/Users/phammanhdinh/Documents/mysite/mysite/env/lib/python3.9/site-packages/django/template/base.py", line 167, in _render
    return self.nodelist.render(context)
  File "/Users/phammanhdinh/Documents/mysite/mysite/env/lib/python3.9/site-packages/django/template/base.py", line 1005, in render
    return SafeString("".join([node.render_annotated(context) for node in self]))
  File "/Users/phammanhdinh/Documents/mysite/mysite/env/lib/python3.9/site-packages/django/template/base.py", line 1005, in <listcomp>
    return SafeString("".join([node.render_annotated(context) for node in self]))
  File "/Users/phammanhdinh/Documents/mysite/mysite/env/lib/python3.9/site-packages/django/template/base.py", line 966, in render_annotated
    return self.render(context)
  File "/Users/phammanhdinh/Documents/mysite/mysite/env/lib/python3.9/site-packages/django/templatetags/static.py", line 116, in render
    url = self.url(context)
  File "/Users/phammanhdinh/Documents/mysite/mysite/env/lib/python3.9/site-packages/django/templatetags/static.py", line 113, in url
    return self.handle_simple(path)
  File "/Users/phammanhdinh/Documents/mysite/mysite/env/lib/python3.9/site-packages/django/templatetags/static.py", line 129, in handle_simple
    return staticfiles_storage.url(path)
  File "/Users/phammanhdinh/Documents/mysite/mysite/env/lib/python3.9/site-packages/django/contrib/staticfiles/storage.py", line 203, in url
    return self._url(self.stored_name, name, force)
  File "/Users/phammanhdinh/Documents/mysite/mysite/env/lib/python3.9/site-packages/django/contrib/staticfiles/storage.py", line 182, in _url
    hashed_name = hashed_name_func(*args)
  File "/Users/phammanhdinh/Documents/mysite/mysite/env/lib/python3.9/site-packages/django/contrib/staticfiles/storage.py", line 513, in stored_name
    raise ValueError(
ValueError: Missing staticfiles manifest entry for 'css/tiny-slider.css'
Internal Server Error: /
Traceback (most recent call last):
  File "/Users/phammanhdinh/Documents/mysite/mysite/env/lib/python3.9/site-packages/django/core/handlers/exception.py", line 55, in inner
    response = get_response(request)
  File "/Users/phammanhdinh/Documents/mysite/mysite/env/lib/python3.9/site-packages/django/core/handlers/base.py", line 220, in _get_response
    response = response.render()
  File "/Users/phammanhdinh/Documents/mysite/mysite/env/lib/python3.9/site-packages/django/template/response.py", line 114, in render
    self.content = self.rendered_content
  File "/Users/phammanhdinh/Documents/mysite/mysite/env/lib/python3.9/site-packages/django/template/response.py", line 92, in rendered_content
    return template.render(context, self._request)
  File "/Users/phammanhdinh/Documents/mysite/mysite/env/lib/python3.9/site-packages/django/template/backends/django.py", line 61, in render
    return self.template.render(context)
  File "/Users/phammanhdinh/Documents/mysite/mysite/env/lib/python3.9/site-packages/django/template/base.py", line 175, in render
    return self._render(context)
  File "/Users/phammanhdinh/Documents/mysite/mysite/env/lib/python3.9/site-packages/django/template/base.py", line 167, in _render
    return self.nodelist.render(context)
  File "/Users/phammanhdinh/Documents/mysite/mysite/env/lib/python3.9/site-packages/django/template/base.py", line 1005, in render
    return SafeString("".join([node.render_annotated(context) for node in self]))
  File "/Users/phammanhdinh/Documents/mysite/mysite/env/lib/python3.9/site-packages/django/template/base.py", line 1005, in <listcomp>
    return SafeString("".join([node.render_annotated(context) for node in self]))
  File "/Users/phammanhdinh/Documents/mysite/mysite/env/lib/python3.9/site-packages/django/template/base.py", line 966, in render_annotated
    return self.render(context)
  File "/Users/phammanhdinh/Documents/mysite/mysite/env/lib/python3.9/site-packages/django/template/loader_tags.py", line 157, in render
    return compiled_parent._render(context)
  File "/Users/phammanhdinh/Documents/mysite/mysite/env/lib/python3.9/site-packages/django/template/base.py", line 167, in _render
    return self.nodelist.render(context)
  File "/Users/phammanhdinh/Documents/mysite/mysite/env/lib/python3.9/site-packages/django/template/base.py", line 1005, in render
    return SafeString("".join([node.render_annotated(context) for node in self]))
  File "/Users/phammanhdinh/Documents/mysite/mysite/env/lib/python3.9/site-packages/django/template/base.py", line 1005, in <listcomp>
    return SafeString("".join([node.render_annotated(context) for node in self]))
  File "/Users/phammanhdinh/Documents/mysite/mysite/env/lib/python3.9/site-packages/django/template/base.py", line 966, in render_annotated
    return self.render(context)
  File "/Users/phammanhdinh/Documents/mysite/mysite/env/lib/python3.9/site-packages/django/templatetags/static.py", line 116, in render
    url = self.url(context)
  File "/Users/phammanhdinh/Documents/mysite/mysite/env/lib/python3.9/site-packages/django/templatetags/static.py", line 113, in url
    return self.handle_simple(path)
  File "/Users/phammanhdinh/Documents/mysite/mysite/env/lib/python3.9/site-packages/django/templatetags/static.py", line 129, in handle_simple
    return staticfiles_storage.url(path)
  File "/Users/phammanhdinh/Documents/mysite/mysite/env/lib/python3.9/site-packages/django/contrib/staticfiles/storage.py", line 203, in url
    return self._url(self.stored_name, name, force)
  File "/Users/phammanhdinh/Documents/mysite/mysite/env/lib/python3.9/site-packages/django/contrib/staticfiles/storage.py", line 182, in _url
    hashed_name = hashed_name_func(*args)
  File "/Users/phammanhdinh/Documents/mysite/mysite/env/lib/python3.9/site-packages/django/contrib/staticfiles/storage.py", line 513, in stored_name
    raise ValueError(
ValueError: Missing staticfiles manifest entry for 'css/tiny-slider.css'
Internal Server Error: /
Traceback (most recent call last):
  File "/Users/phammanhdinh/Documents/mysite/mysite/env/lib/python3.9/site-packages/django/core/handlers/exception.py", line 55, in inner
    response = get_response(request)
  File "/Users/phammanhdinh/Documents/mysite/mysite/env/lib/python3.9/site-packages/django/core/handlers/base.py", line 220, in _get_response
    response = response.render()
  File "/Users/phammanhdinh/Documents/mysite/mysite/env/lib/python3.9/site-packages/django/template/response.py", line 114, in render
    self.content = self.rendered_content
  File "/Users/phammanhdinh/Documents/mysite/mysite/env/lib/python3.9/site-packages/django/template/response.py", line 92, in rendered_content
    return template.render(context, self._request)
  File "/Users/phammanhdinh/Documents/mysite/mysite/env/lib/python3.9/site-packages/django/template/backends/django.py", line 61, in render
    return self.template.render(context)
  File "/Users/phammanhdinh/Documents/mysite/mysite/env/lib/python3.9/site-packages/django/template/base.py", line 175, in render
    return self._render(context)
  File "/Users/phammanhdinh/Documents/mysite/mysite/env/lib/python3.9/site-packages/django/template/base.py", line 167, in _render
    return self.nodelist.render(context)
  File "/Users/phammanhdinh/Documents/mysite/mysite/env/lib/python3.9/site-packages/django/template/base.py", line 1005, in render
    return SafeString("".join([node.render_annotated(context) for node in self]))
  File "/Users/phammanhdinh/Documents/mysite/mysite/env/lib/python3.9/site-packages/django/template/base.py", line 1005, in <listcomp>
    return SafeString("".join([node.render_annotated(context) for node in self]))
  File "/Users/phammanhdinh/Documents/mysite/mysite/env/lib/python3.9/site-packages/django/template/base.py", line 966, in render_annotated
    return self.render(context)
  File "/Users/phammanhdinh/Documents/mysite/mysite/env/lib/python3.9/site-packages/django/template/loader_tags.py", line 157, in render
    return compiled_parent._render(context)
  File "/Users/phammanhdinh/Documents/mysite/mysite/env/lib/python3.9/site-packages/django/template/base.py", line 167, in _render
    return self.nodelist.render(context)
  File "/Users/phammanhdinh/Documents/mysite/mysite/env/lib/python3.9/site-packages/django/template/base.py", line 1005, in render
    return SafeString("".join([node.render_annotated(context) for node in self]))
  File "/Users/phammanhdinh/Documents/mysite/mysite/env/lib/python3.9/site-packages/django/template/base.py", line 1005, in <listcomp>
    return SafeString("".join([node.render_annotated(context) for node in self]))
  File "/Users/phammanhdinh/Documents/mysite/mysite/env/lib/python3.9/site-packages/django/template/base.py", line 966, in render_annotated
    return self.render(context)
  File "/Users/phammanhdinh/Documents/mysite/mysite/env/lib/python3.9/site-packages/django/templatetags/static.py", line 116, in render
    url = self.url(context)
  File "/Users/phammanhdinh/Documents/mysite/mysite/env/lib/python3.9/site-packages/django/templatetags/static.py", line 113, in url
    return self.handle_simple(path)
  File "/Users/phammanhdinh/Documents/mysite/mysite/env/lib/python3.9/site-packages/django/templatetags/static.py", line 129, in handle_simple
    return staticfiles_storage.url(path)
  File "/Users/phammanhdinh/Documents/mysite/mysite/env/lib/python3.9/site-packages/django/contrib/staticfiles/storage.py", line 203, in url
    return self._url(self.stored_name, name, force)
  File "/Users/phammanhdinh/Documents/mysite/mysite/env/lib/python3.9/site-packages/django/contrib/staticfiles/storage.py", line 182, in _url
    hashed_name = hashed_name_func(*args)
  File "/Users/phammanhdinh/Documents/mysite/mysite/env/lib/python3.9/site-packages/django/contrib/staticfiles/storage.py", line 513, in stored_name
    raise ValueError(
ValueError: Missing staticfiles manifest entry for 'css/tiny-slider.css'
Internal Server Error: /
Traceback (most recent call last):
  File "/Users/phammanhdinh/Documents/mysite/mysite/env/lib/python3.9/site-packages/django/core/handlers/exception.py", line 55, in inner
    response = get_response(request)
  File "/Users/phammanhdinh/Documents/mysite/mysite/env/lib/python3.9/site-packages/django/core/handlers/base.py", line 220, in _get_response
    response = response.render()
  File "/Users/phammanhdinh/Documents/mysite/mysite/env/lib/python3.9/site-packages/django/template/response.py", line 114, in render
    self.content = self.rendered_content
  File "/Users/phammanhdinh/Documents/mysite/mysite/env/lib/python3.9/site-packages/django/template/response.py", line 92, in rendered_content
    return template.render(context, self._request)
  File "/Users/phammanhdinh/Documents/mysite/mysite/env/lib/python3.9/site-packages/django/template/backends/django.py", line 61, in render
    return self.template.render(context)
  File "/Users/phammanhdinh/Documents/mysite/mysite/env/lib/python3.9/site-packages/django/template/base.py", line 175, in render
    return self._render(context)
  File "/Users/phammanhdinh/Documents/mysite/mysite/env/lib/python3.9/site-packages/django/template/base.py", line 167, in _render
    return self.nodelist.render(context)
  File "/Users/phammanhdinh/Documents/mysite/mysite/env/lib/python3.9/site-packages/django/template/base.py", line 1005, in render
    return SafeString("".join([node.render_annotated(context) for node in self]))
  File "/Users/phammanhdinh/Documents/mysite/mysite/env/lib/python3.9/site-packages/django/template/base.py", line 1005, in <listcomp>
    return SafeString("".join([node.render_annotated(context) for node in self]))
  File "/Users/phammanhdinh/Documents/mysite/mysite/env/lib/python3.9/site-packages/django/template/base.py", line 966, in render_annotated
    return self.render(context)
  File "/Users/phammanhdinh/Documents/mysite/mysite/env/lib/python3.9/site-packages/django/template/loader_tags.py", line 157, in render
    return compiled_parent._render(context)
  File "/Users/phammanhdinh/Documents/mysite/mysite/env/lib/python3.9/site-packages/django/template/base.py", line 167, in _render
    return self.nodelist.render(context)
  File "/Users/phammanhdinh/Documents/mysite/mysite/env/lib/python3.9/site-packages/django/template/base.py", line 1005, in render
    return SafeString("".join([node.render_annotated(context) for node in self]))
  File "/Users/phammanhdinh/Documents/mysite/mysite/env/lib/python3.9/site-packages/django/template/base.py", line 1005, in <listcomp>
    return SafeString("".join([node.render_annotated(context) for node in self]))
  File "/Users/phammanhdinh/Documents/mysite/mysite/env/lib/python3.9/site-packages/django/template/base.py", line 966, in render_annotated
    return self.render(context)
  File "/Users/phammanhdinh/Documents/mysite/mysite/env/lib/python3.9/site-packages/django/templatetags/static.py", line 116, in render
    url = self.url(context)
  File "/Users/phammanhdinh/Documents/mysite/mysite/env/lib/python3.9/site-packages/django/templatetags/static.py", line 113, in url
    return self.handle_simple(path)
  File "/Users/phammanhdinh/Documents/mysite/mysite/env/lib/python3.9/site-packages/django/templatetags/static.py", line 129, in handle_simple
    return staticfiles_storage.url(path)
  File "/Users/phammanhdinh/Documents/mysite/mysite/env/lib/python3.9/site-packages/django/contrib/staticfiles/storage.py", line 203, in url
    return self._url(self.stored_name, name, force)
  File "/Users/phammanhdinh/Documents/mysite/mysite/env/lib/python3.9/site-packages/django/contrib/staticfiles/storage.py", line 182, in _url
    hashed_name = hashed_name_func(*args)
  File "/Users/phammanhdinh/Documents/mysite/mysite/env/lib/python3.9/site-packages/django/contrib/staticfiles/storage.py", line 513, in stored_name
    raise ValueError(
ValueError: Missing staticfiles manifest entry for 'css/tiny-slider.css'
Internal Server Error: /
Traceback (most recent call last):
  File "/Users/phammanhdinh/Documents/mysite/mysite/env/lib/python3.9/site-packages/django/core/handlers/exception.py", line 55, in inner
    response = get_response(request)
  File "/Users/phammanhdinh/Documents/mysite/mysite/env/lib/python3.9/site-packages/django/core/handlers/base.py", line 220, in _get_response
    response = response.render()
  File "/Users/phammanhdinh/Documents/mysite/mysite/env/lib/python3.9/site-packages/django/template/response.py", line 114, in render
    self.content = self.rendered_content
  File "/Users/phammanhdinh/Documents/mysite/mysite/env/lib/python3.9/site-packages/django/template/response.py", line 92, in rendered_content
    return template.render(context, self._request)
  File "/Users/phammanhdinh/Documents/mysite/mysite/env/lib/python3.9/site-packages/django/template/backends/django.py", line 61, in render
    return self.template.render(context)
  File "/Users/phammanhdinh/Documents/mysite/mysite/env/lib/python3.9/site-packages/django/template/base.py", line 175, in render
    return self._render(context)
  File "/Users/phammanhdinh/Documents/mysite/mysite/env/lib/python3.9/site-packages/django/template/base.py", line 167, in _render
    return self.nodelist.render(context)
  File "/Users/phammanhdinh/Documents/mysite/mysite/env/lib/python3.9/site-packages/django/template/base.py", line 1005, in render
    return SafeString("".join([node.render_annotated(context) for node in self]))
  File "/Users/phammanhdinh/Documents/mysite/mysite/env/lib/python3.9/site-packages/django/template/base.py", line 1005, in <listcomp>
    return SafeString("".join([node.render_annotated(context) for node in self]))
  File "/Users/phammanhdinh/Documents/mysite/mysite/env/lib/python3.9/site-packages/django/template/base.py", line 966, in render_annotated
    return self.render(context)
  File "/Users/phammanhdinh/Documents/mysite/mysite/env/lib/python3.9/site-packages/django/template/loader_tags.py", line 157, in render
    return compiled_parent._render(context)
  File "/Users/phammanhdinh/Documents/mysite/mysite/env/lib/python3.9/site-packages/django/template/base.py", line 167, in _render
    return self.nodelist.render(context)
  File "/Users/phammanhdinh/Documents/mysite/mysite/env/lib/python3.9/site-packages/django/template/base.py", line 1005, in render
    return SafeString("".join([node.render_annotated(context) for node in self]))
  File "/Users/phammanhdinh/Documents/mysite/mysite/env/lib/python3.9/site-packages/django/template/base.py", line 1005, in <listcomp>
    return SafeString("".join([node.render_annotated(context) for node in self]))
  File "/Users/phammanhdinh/Documents/mysite/mysite/env/lib/python3.9/site-packages/django/template/base.py", line 966, in render_annotated
    return self.render(context)
  File "/Users/phammanhdinh/Documents/mysite/mysite/env/lib/python3.9/site-packages/django/templatetags/static.py", line 116, in render
    url = self.url(context)
  File "/Users/phammanhdinh/Documents/mysite/mysite/env/lib/python3.9/site-packages/django/templatetags/static.py", line 113, in url
    return self.handle_simple(path)
  File "/Users/phammanhdinh/Documents/mysite/mysite/env/lib/python3.9/site-packages/django/templatetags/static.py", line 129, in handle_simple
    return staticfiles_storage.url(path)
  File "/Users/phammanhdinh/Documents/mysite/mysite/env/lib/python3.9/site-packages/django/contrib/staticfiles/storage.py", line 203, in url
    return self._url(self.stored_name, name, force)
  File "/Users/phammanhdinh/Documents/mysite/mysite/env/lib/python3.9/site-packages/django/contrib/staticfiles/storage.py", line 182, in _url
    hashed_name = hashed_name_func(*args)
  File "/Users/phammanhdinh/Documents/mysite/mysite/env/lib/python3.9/site-packages/django/contrib/staticfiles/storage.py", line 513, in stored_name
    raise ValueError(
ValueError: Missing staticfiles manifest entry for 'css/tiny-slider.css'
/Users/phammanhdinh/Documents/mysite/mysite/settings/base.py changed, reloading.
